<?xml version="1.0" encoding="UTF-8"?>
<!-- Generated by org.testng.reporters.JUnitReportReporter -->
<testsuite hostname="DESKTOP-3KUK867" failures="0" tests="1" name="testCases.TC_001_AccountRegTest" time="2.184" errors="0" timestamp="2023-03-20T13:32:59 IST" skipped="0">
  <testcase classname="testCases.TC_001_AccountRegTest" name="account_Registration" time="2.184"/>
  <system-out/>
</testsuite> <!-- testCases.TC_001_AccountRegTest -->
