<?xml version="1.0" encoding="UTF-8"?>
<!-- Generated by org.testng.reporters.JUnitReportReporter -->
<testsuite hostname="DESKTOP-3KUK867" failures="0" tests="1" name="testCases.TC_002_LoginTest" time="1.733" errors="0" timestamp="2023-03-17T11:52:13 IST" skipped="0">
  <testcase classname="testCases.TC_002_LoginTest" name="test_Login" time="1.733"/>
  <system-out/>
</testsuite> <!-- testCases.TC_002_LoginTest -->
