<?xml version="1.0" encoding="UTF-8"?>
<!-- Generated by org.testng.reporters.JUnitReportReporter -->
<testsuite hostname="DESKTOP-3KUK867" failures="0" tests="1" name="testCases.TC_005_AddToCartTest" time="4.571" errors="0" timestamp="2023-03-20T13:32:59 IST" skipped="0">
  <testcase classname="testCases.TC_005_AddToCartTest" name="test_addToCart" time="4.571"/>
  <system-out/>
</testsuite> <!-- testCases.TC_005_AddToCartTest -->
