<?xml version="1.0" encoding="UTF-8"?>
<!-- Generated by org.testng.reporters.JUnitReportReporter -->
<testsuite hostname="DESKTOP-3KUK867" failures="0" tests="1" name="testCases.TC_004_SearchTest" time="3.232" errors="0" timestamp="2023-03-20T13:32:59 IST" skipped="0">
  <testcase classname="testCases.TC_004_SearchTest" name="test_SearchProduct" time="3.232"/>
  <system-out/>
</testsuite> <!-- testCases.TC_004_SearchTest -->
