<?xml version="1.0" encoding="UTF-8"?>
<!-- Generated by org.testng.reporters.JUnitReportReporter -->
<testsuite hostname="DESKTOP-3KUK867" failures="0" tests="1" name="testCases.TC_006_EndToEndTest" time="8.330" errors="0" timestamp="2023-03-20T13:32:59 IST" skipped="0">
  <testcase classname="testCases.TC_006_EndToEndTest" name="test_EndtoEnd" time="8.330"/>
  <system-out/>
</testsuite> <!-- testCases.TC_006_EndToEndTest -->
